[NX Daemon Server] - 2024-01-07T14:12:53.670Z - Started listening on: /var/folders/s4/bbbrv1m564s51hgfvq4ym62c0000gn/T/e1e8cc18208166a7372a/d.sock
[NX Daemon Server] - 2024-01-07T14:12:53.671Z - [WATCHER]: Subscribed to changes within: /Users/tymoteusz/Documents/Projects/chessApp (native)
[NX Daemon Server] - 2024-01-07T14:12:53.678Z - Established a connection. Number of open connections: 1
[NX Daemon Server] - 2024-01-07T14:12:53.678Z - Established a connection. Number of open connections: 2
[NX Daemon Server] - 2024-01-07T14:12:53.679Z - [REQUEST]: Client Request for Project Graph Received
[NX Daemon Server] - 2024-01-07T14:12:53.680Z - [REQUEST]: Updated workspace context based on watched changes, recomputing project graph...
[NX Daemon Server] - 2024-01-07T14:12:53.680Z - [REQUEST]:
[NX Daemon Server] - 2024-01-07T14:12:53.680Z - [REQUEST]:
[NX Daemon Server] - 2024-01-07T14:12:53.765Z - [REQUEST]: Responding to the client. project-graph
[NX Daemon Server] - 2024-01-07T14:12:53.766Z - Time taken for 'total for creating and serializing project graph' 85.09174990653992ms
[NX Daemon Server] - 2024-01-07T14:12:53.766Z - Closed a connection. Number of open connections: 1
[NX Daemon Server] - 2024-01-07T14:12:53.767Z - Done responding to the client project-graph
[NX Daemon Server] - 2024-01-07T14:12:53.767Z - Handled REQUEST_PROJECT_GRAPH. Handling time: 85. Response time: 3.
[NX Daemon Server] - 2024-01-07T14:12:53.918Z - [WATCHER]: tsconfig.json was modified
[NX Daemon Server] - 2024-01-07T14:12:53.918Z - [WATCHER]: Processing file changes in outputs
[NX Daemon Server] - 2024-01-07T14:12:54.020Z - [REQUEST]: Updated workspace context based on watched changes, recomputing project graph...
[NX Daemon Server] - 2024-01-07T14:12:54.020Z - [REQUEST]: tsconfig.json
[NX Daemon Server] - 2024-01-07T14:12:54.020Z - [REQUEST]:
[NX Daemon Server] - 2024-01-07T14:12:54.041Z - [WATCHER]: .vscode/extensions.json was modified
[NX Daemon Server] - 2024-01-07T14:12:54.041Z - [WATCHER]: Processing file changes in outputs
[NX Daemon Server] - 2024-01-07T14:12:54.041Z - Time taken for 'hash changed files from watcher' 0.2858750820159912ms
[NX Daemon Server] - 2024-01-07T14:12:54.231Z - [WATCHER]: .nx/cache/d/server-process.json was modified
[NX Daemon Server] - 2024-01-07T14:12:54.242Z - [REQUEST]: Updated workspace context based on watched changes, recomputing project graph...
[NX Daemon Server] - 2024-01-07T14:12:54.242Z - [REQUEST]: .vscode/extensions.json,.nx/cache/d/server-process.json
[NX Daemon Server] - 2024-01-07T14:12:54.242Z - [REQUEST]:
[NX Daemon Server] - 2024-01-07T14:12:54.260Z - Time taken for 'hash changed files from watcher' 0.2705409526824951ms
[NX Daemon Server] - 2024-01-07T14:12:54.674Z - [WATCHER]: 0 file(s) created or restored, 3 file(s) modified, 0 file(s) deleted
[NX Daemon Server] - 2024-01-07T14:12:54.674Z - [WATCHER]: Processing file changes in outputs
[NX Daemon Server] - 2024-01-07T14:12:54.759Z - Closed a connection. Number of open connections: 0
[NX Daemon Server] - 2024-01-07T14:12:54.818Z - [WATCHER]: Processing file changes in outputs
[NX Daemon Server] - 2024-01-07T14:12:54.819Z - [WATCHER]: tsconfig.json was modified
[NX Daemon Server] - 2024-01-07T14:12:55.076Z - [REQUEST]: Updated workspace context based on watched changes, recomputing project graph...
[NX Daemon Server] - 2024-01-07T14:12:55.076Z - [REQUEST]: projects/chess-board/project.json,project.json,nx.json,tsconfig.json
[NX Daemon Server] - 2024-01-07T14:12:55.076Z - [REQUEST]:
[NX Daemon Server] - 2024-01-07T14:12:55.099Z - Time taken for 'hash changed files from watcher' 0.3599581718444824ms
[NX Daemon Server] - 2024-01-07T14:13:24.097Z - [WATCHER]: package.json was modified
[NX Daemon Server] - 2024-01-07T14:13:24.097Z - [WATCHER]: Processing file changes in outputs
[NX Daemon Server] - 2024-01-07T14:13:24.584Z - Established a connection. Number of open connections: 1
[NX Daemon Server] - 2024-01-07T14:13:24.585Z - Closed a connection. Number of open connections: 0
[NX Daemon Server] - 2024-01-07T14:13:24.585Z - Established a connection. Number of open connections: 1
[NX Daemon Server] - 2024-01-07T14:13:24.586Z - [REQUEST]: Client Request for Project Graph Received
[NX Daemon Server] - 2024-01-07T14:13:24.586Z - [REQUEST]: Updated workspace context based on watched changes, recomputing project graph...
[NX Daemon Server] - 2024-01-07T14:13:24.586Z - [REQUEST]: package.json
[NX Daemon Server] - 2024-01-07T14:13:24.586Z - [REQUEST]:
[NX Daemon Server] - 2024-01-07T14:13:24.608Z - [REQUEST]: Responding to the client. project-graph
[NX Daemon Server] - 2024-01-07T14:13:24.608Z - Time taken for 'total for creating and serializing project graph' 21.68566608428955ms
[NX Daemon Server] - 2024-01-07T14:13:24.612Z - Done responding to the client project-graph
[NX Daemon Server] - 2024-01-07T14:13:24.612Z - Handled REQUEST_PROJECT_GRAPH. Handling time: 22. Response time: 4.
[NX Daemon Server] - 2024-01-07T14:13:24.709Z - [WATCHER]: tsconfig.json was modified
[NX Daemon Server] - 2024-01-07T14:13:24.710Z - [WATCHER]: Processing file changes in outputs
[NX Daemon Server] - 2024-01-07T14:13:24.811Z - [REQUEST]: Updated workspace context based on watched changes, recomputing project graph...
[NX Daemon Server] - 2024-01-07T14:13:24.811Z - [REQUEST]: tsconfig.json
[NX Daemon Server] - 2024-01-07T14:13:24.811Z - [REQUEST]:
[NX Daemon Server] - 2024-01-07T14:13:24.836Z - Time taken for 'hash changed files from watcher' 0.37245798110961914ms
[NX Daemon Server] - 2024-01-07T14:13:25.458Z - [WATCHER]: Processing file changes in outputs
[NX Daemon Server] - 2024-01-07T14:13:25.459Z - [WATCHER]: 0 file(s) created or restored, 2 file(s) modified, 0 file(s) deleted
[NX Daemon Server] - 2024-01-07T14:13:25.611Z - [WATCHER]: 0 file(s) created or restored, 3 file(s) modified, 0 file(s) deleted
[NX Daemon Server] - 2024-01-07T14:13:25.611Z - [WATCHER]: Processing file changes in outputs
[NX Daemon Server] - 2024-01-07T14:13:25.659Z - [REQUEST]: Updated workspace context based on watched changes, recomputing project graph...
[NX Daemon Server] - 2024-01-07T14:13:25.659Z - [REQUEST]: projects/chess-board/ng-package.json,projects/chess-board/README.md,projects/chess-board/src/lib/services/configuration/chess-board-config.service.ts,projects/chess-board/src/lib/services/chess-board-canvas.service.ts,projects/chess-board/src/lib/container/chess-board/chess-board.component.ts
[NX Daemon Server] - 2024-01-07T14:13:25.659Z - [REQUEST]:
[NX Daemon Server] - 2024-01-07T14:13:25.681Z - [WATCHER]: 0 file(s) created or restored, 9 file(s) modified, 0 file(s) deleted
[NX Daemon Server] - 2024-01-07T14:13:25.682Z - [WATCHER]: Processing file changes in outputs
[NX Daemon Server] - 2024-01-07T14:13:25.682Z - Time taken for 'hash changed files from watcher' 0.3131248950958252ms
[NX Daemon Server] - 2024-01-07T14:13:25.730Z - [WATCHER]: 0 file(s) created or restored, 7 file(s) modified, 0 file(s) deleted
[NX Daemon Server] - 2024-01-07T14:13:25.730Z - [WATCHER]: Processing file changes in outputs
[NX Daemon Server] - 2024-01-07T14:13:25.827Z - Closed a connection. Number of open connections: 0
[NX Daemon Server] - 2024-01-07T14:13:25.967Z - [WATCHER]: Processing file changes in outputs
[NX Daemon Server] - 2024-01-07T14:13:26.083Z - [REQUEST]: Updated workspace context based on watched changes, recomputing project graph...
[NX Daemon Server] - 2024-01-07T14:13:26.083Z - [REQUEST]: src/app/app.routes.ts,src/app/app.component.spec.ts,projects/chess-board/src/lib/services/manager/initialize-view.service.ts,projects/chess-board/src/lib/types/board.types.ts,src/app/app.component.ts,projects/chess-board/tsconfig.spec.json,src/app/app.config.ts,projects/chess-board/tsconfig.lib.json,projects/chess-board/src/lib/services/draw/draw-chess-board.service.ts,tsconfig.json,src/app/game/game.component.spec.ts,src/main.ts,tsconfig.spec.json,tsconfig.app.json,src/index.html,src/app/game/game.component.ts
[NX Daemon Server] - 2024-01-07T14:13:26.083Z - [REQUEST]:
[NX Daemon Server] - 2024-01-07T14:13:26.107Z - Time taken for 'hash changed files from watcher' 0.5745840072631836ms
[NX Daemon Server] - 2024-01-07T14:13:39.167Z - [WATCHER]: package.json was modified
[NX Daemon Server] - 2024-01-07T14:13:39.167Z - [WATCHER]: Processing file changes in outputs
[NX Daemon Server] - 2024-01-07T14:13:39.597Z - Established a connection. Number of open connections: 1
[NX Daemon Server] - 2024-01-07T14:13:39.598Z - Closed a connection. Number of open connections: 0
[NX Daemon Server] - 2024-01-07T14:13:39.598Z - Established a connection. Number of open connections: 1
[NX Daemon Server] - 2024-01-07T14:13:39.599Z - [REQUEST]: Client Request for Project Graph Received
[NX Daemon Server] - 2024-01-07T14:13:39.599Z - [REQUEST]: Updated workspace context based on watched changes, recomputing project graph...
[NX Daemon Server] - 2024-01-07T14:13:39.599Z - [REQUEST]: package.json
[NX Daemon Server] - 2024-01-07T14:13:39.599Z - [REQUEST]:
[NX Daemon Server] - 2024-01-07T14:13:39.618Z - [REQUEST]: Responding to the client. project-graph
[NX Daemon Server] - 2024-01-07T14:13:39.618Z - Time taken for 'total for creating and serializing project graph' 18.675582885742188ms
[NX Daemon Server] - 2024-01-07T14:13:39.624Z - Done responding to the client project-graph
[NX Daemon Server] - 2024-01-07T14:13:39.624Z - Handled REQUEST_PROJECT_GRAPH. Handling time: 19. Response time: 6.
[NX Daemon Server] - 2024-01-07T14:13:39.776Z - [WATCHER]: tsconfig.json was modified
[NX Daemon Server] - 2024-01-07T14:13:39.776Z - [WATCHER]: Processing file changes in outputs
[NX Daemon Server] - 2024-01-07T14:13:39.877Z - [REQUEST]: Updated workspace context based on watched changes, recomputing project graph...
[NX Daemon Server] - 2024-01-07T14:13:39.877Z - [REQUEST]: tsconfig.json
[NX Daemon Server] - 2024-01-07T14:13:39.877Z - [REQUEST]:
[NX Daemon Server] - 2024-01-07T14:13:39.901Z - Time taken for 'hash changed files from watcher' 0.31070804595947266ms
[NX Daemon Server] - 2024-01-07T14:13:40.321Z - [WATCHER]: tsconfig.json was modified
[NX Daemon Server] - 2024-01-07T14:13:40.321Z - [WATCHER]: Processing file changes in outputs
[NX Daemon Server] - 2024-01-07T14:13:40.522Z - [REQUEST]: Updated workspace context based on watched changes, recomputing project graph...
[NX Daemon Server] - 2024-01-07T14:13:40.522Z - [REQUEST]: tsconfig.json
[NX Daemon Server] - 2024-01-07T14:13:40.522Z - [REQUEST]:
[NX Daemon Server] - 2024-01-07T14:13:40.541Z - Time taken for 'hash changed files from watcher' 0.20754098892211914ms
[NX Daemon Server] - 2024-01-07T14:13:40.640Z - Closed a connection. Number of open connections: 0
[NX Daemon Server] - 2024-01-07T14:13:47.116Z - Established a connection. Number of open connections: 1
[NX Daemon Server] - 2024-01-07T14:13:47.117Z - Closed a connection. Number of open connections: 0
[NX Daemon Server] - 2024-01-07T14:13:47.117Z - Established a connection. Number of open connections: 1
[NX Daemon Server] - 2024-01-07T14:13:47.118Z - [REQUEST]: Client Request for Project Graph Received
[NX Daemon Server] - 2024-01-07T14:13:47.118Z - [REQUEST]: Responding to the client. project-graph
[NX Daemon Server] - 2024-01-07T14:13:47.119Z - Time taken for 'total for creating and serializing project graph' 0.08479189872741699ms
[NX Daemon Server] - 2024-01-07T14:13:47.121Z - Done responding to the client project-graph
[NX Daemon Server] - 2024-01-07T14:13:47.121Z - Handled REQUEST_PROJECT_GRAPH. Handling time: 0. Response time: 3.
[NX Daemon Server] - 2024-01-07T14:13:47.157Z - [REQUEST]: Responding to the client. handleHashTasks
[NX Daemon Server] - 2024-01-07T14:13:47.157Z - Done responding to the client handleHashTasks
[NX Daemon Server] - 2024-01-07T14:13:47.157Z - Handled HASH_TASKS. Handling time: 8. Response time: 0.
[NX Daemon Server] - 2024-01-07T14:13:48.158Z - Established a connection. Number of open connections: 2
[NX Daemon Server] - 2024-01-07T14:13:48.159Z - Closed a connection. Number of open connections: 1
[NX Daemon Server] - 2024-01-07T14:13:48.159Z - Established a connection. Number of open connections: 2
[NX Daemon Server] - 2024-01-07T14:13:48.160Z - [REQUEST]: Client Request for Project Graph Received
[NX Daemon Server] - 2024-01-07T14:13:48.160Z - [REQUEST]: Responding to the client. project-graph
[NX Daemon Server] - 2024-01-07T14:13:48.161Z - Time taken for 'total for creating and serializing project graph' 0.06633281707763672ms
[NX Daemon Server] - 2024-01-07T14:13:48.163Z - Done responding to the client project-graph
[NX Daemon Server] - 2024-01-07T14:13:48.163Z - Handled REQUEST_PROJECT_GRAPH. Handling time: 0. Response time: 3.
[NX Daemon Server] - 2024-01-07T14:13:49.547Z - [WATCHER]: Processing file changes in outputs
[NX Daemon Server] - 2024-01-07T14:13:49.699Z - [WATCHER]: Processing file changes in outputs
[NX Daemon Server] - 2024-01-07T14:13:50.755Z - [WATCHER]: Processing file changes in outputs
